Compiling the Fortran compiler identification source file "CMakeFortranCompilerId.F" failed.
Compiler: CMAKE_Fortran_COMPILER-NOTFOUND 
Build flags: 
Id flags: 

The output was:
No such file or directory


Compiling the Fortran compiler identification source file "CMakeFortranCompilerId.F" failed.
Compiler: CMAKE_Fortran_COMPILER-NOTFOUND 
Build flags: 
Id flags: -c

The output was:
No such file or directory


Compiling the Fortran compiler identification source file "CMakeFortranCompilerId.F" failed.
Compiler: CMAKE_Fortran_COMPILER-NOTFOUND 
Build flags: 
Id flags: -fpp

The output was:
No such file or directory


Checking whether the Fortran compiler is Compaq using "-what" did not match "Compaq Visual Fortran":
Checking whether the Fortran compiler is NAG using "-V" did not match "NAG Fortran Compiler":
Determining if the pthread_create exist failed with the following output:
Change Dir: /files/Nutstore/000/CPPWorkSpace/SHUCourse/NumerialMethods/001/build/CMakeFiles/CMakeTmp

Run Build Command:/usr/bin/make "cmTryCompileExec4205593021/fast"
/usr/bin/make -f CMakeFiles/cmTryCompileExec4205593021.dir/build.make CMakeFiles/cmTryCompileExec4205593021.dir/build
make[1]: Entering directory `/files/Nutstore/000/CPPWorkSpace/SHUCourse/NumerialMethods/001/build/CMakeFiles/CMakeTmp'
/usr/bin/cmake -E cmake_progress_report /files/Nutstore/000/CPPWorkSpace/SHUCourse/NumerialMethods/001/build/CMakeFiles/CMakeTmp/CMakeFiles 1
Building C object CMakeFiles/cmTryCompileExec4205593021.dir/CheckSymbolExists.c.o
/usr/bin/cc    -o CMakeFiles/cmTryCompileExec4205593021.dir/CheckSymbolExists.c.o   -c /files/Nutstore/000/CPPWorkSpace/SHUCourse/NumerialMethods/001/build/CMakeFiles/CMakeTmp/CheckSymbolExists.c
Linking C executable cmTryCompileExec4205593021
/usr/bin/cmake -E cmake_link_script CMakeFiles/cmTryCompileExec4205593021.dir/link.txt --verbose=1
/usr/bin/cc         CMakeFiles/cmTryCompileExec4205593021.dir/CheckSymbolExists.c.o  -o cmTryCompileExec4205593021 -rdynamic 
CMakeFiles/cmTryCompileExec4205593021.dir/CheckSymbolExists.c.o:CheckSymbolExists.c:function main: error: undefined reference to 'pthread_create'
collect2: error: ld returned 1 exit status
make[1]: Leaving directory `/files/Nutstore/000/CPPWorkSpace/SHUCourse/NumerialMethods/001/build/CMakeFiles/CMakeTmp'
make[1]: *** [cmTryCompileExec4205593021] Error 1
make: *** [cmTryCompileExec4205593021/fast] Error 2

File /files/Nutstore/000/CPPWorkSpace/SHUCourse/NumerialMethods/001/build/CMakeFiles/CMakeTmp/CheckSymbolExists.c:
/* */
#include <pthread.h>

int main(int argc, char** argv)
{
  (void)argv;
#ifndef pthread_create
  return ((int*)(&pthread_create))[argc];
#else
  (void)argc;
  return 0;
#endif
}

Determining if the function pthread_create exists in the pthreads failed with the following output:
Change Dir: /files/Nutstore/000/CPPWorkSpace/SHUCourse/NumerialMethods/001/build/CMakeFiles/CMakeTmp

Run Build Command:/usr/bin/make "cmTryCompileExec3426102428/fast"
/usr/bin/make -f CMakeFiles/cmTryCompileExec3426102428.dir/build.make CMakeFiles/cmTryCompileExec3426102428.dir/build
make[1]: Entering directory `/files/Nutstore/000/CPPWorkSpace/SHUCourse/NumerialMethods/001/build/CMakeFiles/CMakeTmp'
/usr/bin/cmake -E cmake_progress_report /files/Nutstore/000/CPPWorkSpace/SHUCourse/NumerialMethods/001/build/CMakeFiles/CMakeTmp/CMakeFiles 1
Building C object CMakeFiles/cmTryCompileExec3426102428.dir/CheckFunctionExists.c.o
/usr/bin/cc   -DCHECK_FUNCTION_EXISTS=pthread_create   -o CMakeFiles/cmTryCompileExec3426102428.dir/CheckFunctionExists.c.o   -c /usr/share/cmake-2.8/Modules/CheckFunctionExists.c
Linking C executable cmTryCompileExec3426102428
/usr/bin/cmake -E cmake_link_script CMakeFiles/cmTryCompileExec3426102428.dir/link.txt --verbose=1
/usr/bin/cc     -DCHECK_FUNCTION_EXISTS=pthread_create    CMakeFiles/cmTryCompileExec3426102428.dir/CheckFunctionExists.c.o  -o cmTryCompileExec3426102428 -rdynamic -lpthreads 
/usr/bin/ld: error: cannot find -lpthreads
CMakeFiles/cmTryCompileExec3426102428.dir/CheckFunctionExists.c.o:CheckFunctionExists.c:function main: error: undefined reference to 'pthread_create'
collect2: error: ld returned 1 exit status
make[1]: *** [cmTryCompileExec3426102428] Error 1
make[1]: Leaving directory `/files/Nutstore/000/CPPWorkSpace/SHUCourse/NumerialMethods/001/build/CMakeFiles/CMakeTmp'
make: *** [cmTryCompileExec3426102428/fast] Error 2


Compiling the Fortran compiler identification source file "CMakeFortranCompilerId.F" failed.
Compiler: CMAKE_Fortran_COMPILER-NOTFOUND 
Build flags: 
Id flags: 

The output was:
No such file or directory


Compiling the Fortran compiler identification source file "CMakeFortranCompilerId.F" failed.
Compiler: CMAKE_Fortran_COMPILER-NOTFOUND 
Build flags: 
Id flags: -c

The output was:
No such file or directory


Compiling the Fortran compiler identification source file "CMakeFortranCompilerId.F" failed.
Compiler: CMAKE_Fortran_COMPILER-NOTFOUND 
Build flags: 
Id flags: -fpp

The output was:
No such file or directory


Checking whether the Fortran compiler is Compaq using "-what" did not match "Compaq Visual Fortran":
Checking whether the Fortran compiler is NAG using "-V" did not match "NAG Fortran Compiler":
Compiling the Fortran compiler identification source file "CMakeFortranCompilerId.F" failed.
Compiler: CMAKE_Fortran_COMPILER-NOTFOUND 
Build flags: 
Id flags: 

The output was:
No such file or directory


Compiling the Fortran compiler identification source file "CMakeFortranCompilerId.F" failed.
Compiler: CMAKE_Fortran_COMPILER-NOTFOUND 
Build flags: 
Id flags: -c

The output was:
No such file or directory


Compiling the Fortran compiler identification source file "CMakeFortranCompilerId.F" failed.
Compiler: CMAKE_Fortran_COMPILER-NOTFOUND 
Build flags: 
Id flags: -fpp

The output was:
No such file or directory


Checking whether the Fortran compiler is Compaq using "-what" did not match "Compaq Visual Fortran":
Checking whether the Fortran compiler is NAG using "-V" did not match "NAG Fortran Compiler":
Compiling the Fortran compiler identification source file "CMakeFortranCompilerId.F" failed.
Compiler: CMAKE_Fortran_COMPILER-NOTFOUND 
Build flags: 
Id flags: 

The output was:
No such file or directory


Compiling the Fortran compiler identification source file "CMakeFortranCompilerId.F" failed.
Compiler: CMAKE_Fortran_COMPILER-NOTFOUND 
Build flags: 
Id flags: -c

The output was:
No such file or directory


Compiling the Fortran compiler identification source file "CMakeFortranCompilerId.F" failed.
Compiler: CMAKE_Fortran_COMPILER-NOTFOUND 
Build flags: 
Id flags: -fpp

The output was:
No such file or directory


Checking whether the Fortran compiler is Compaq using "-what" did not match "Compaq Visual Fortran":
Checking whether the Fortran compiler is NAG using "-V" did not match "NAG Fortran Compiler":
Compiling the Fortran compiler identification source file "CMakeFortranCompilerId.F" failed.
Compiler: CMAKE_Fortran_COMPILER-NOTFOUND 
Build flags: 
Id flags: 

The output was:
No such file or directory


Compiling the Fortran compiler identification source file "CMakeFortranCompilerId.F" failed.
Compiler: CMAKE_Fortran_COMPILER-NOTFOUND 
Build flags: 
Id flags: -c

The output was:
No such file or directory


Compiling the Fortran compiler identification source file "CMakeFortranCompilerId.F" failed.
Compiler: CMAKE_Fortran_COMPILER-NOTFOUND 
Build flags: 
Id flags: -fpp

The output was:
No such file or directory


Checking whether the Fortran compiler is Compaq using "-what" did not match "Compaq Visual Fortran":
Checking whether the Fortran compiler is NAG using "-V" did not match "NAG Fortran Compiler":
Compiling the Fortran compiler identification source file "CMakeFortranCompilerId.F" failed.
Compiler: CMAKE_Fortran_COMPILER-NOTFOUND 
Build flags: 
Id flags: 

The output was:
No such file or directory


Compiling the Fortran compiler identification source file "CMakeFortranCompilerId.F" failed.
Compiler: CMAKE_Fortran_COMPILER-NOTFOUND 
Build flags: 
Id flags: -c

The output was:
No such file or directory


Compiling the Fortran compiler identification source file "CMakeFortranCompilerId.F" failed.
Compiler: CMAKE_Fortran_COMPILER-NOTFOUND 
Build flags: 
Id flags: -fpp

The output was:
No such file or directory


Checking whether the Fortran compiler is Compaq using "-what" did not match "Compaq Visual Fortran":
Checking whether the Fortran compiler is NAG using "-V" did not match "NAG Fortran Compiler":
Compiling the Fortran compiler identification source file "CMakeFortranCompilerId.F" failed.
Compiler: CMAKE_Fortran_COMPILER-NOTFOUND 
Build flags: 
Id flags: 

The output was:
No such file or directory


Compiling the Fortran compiler identification source file "CMakeFortranCompilerId.F" failed.
Compiler: CMAKE_Fortran_COMPILER-NOTFOUND 
Build flags: 
Id flags: -c

The output was:
No such file or directory


Compiling the Fortran compiler identification source file "CMakeFortranCompilerId.F" failed.
Compiler: CMAKE_Fortran_COMPILER-NOTFOUND 
Build flags: 
Id flags: -fpp

The output was:
No such file or directory


Checking whether the Fortran compiler is Compaq using "-what" did not match "Compaq Visual Fortran":
Checking whether the Fortran compiler is NAG using "-V" did not match "NAG Fortran Compiler":
Compiling the Fortran compiler identification source file "CMakeFortranCompilerId.F" failed.
Compiler: CMAKE_Fortran_COMPILER-NOTFOUND 
Build flags: 
Id flags: 

The output was:
No such file or directory


Compiling the Fortran compiler identification source file "CMakeFortranCompilerId.F" failed.
Compiler: CMAKE_Fortran_COMPILER-NOTFOUND 
Build flags: 
Id flags: -c

The output was:
No such file or directory


Compiling the Fortran compiler identification source file "CMakeFortranCompilerId.F" failed.
Compiler: CMAKE_Fortran_COMPILER-NOTFOUND 
Build flags: 
Id flags: -fpp

The output was:
No such file or directory


Checking whether the Fortran compiler is Compaq using "-what" did not match "Compaq Visual Fortran":
Checking whether the Fortran compiler is NAG using "-V" did not match "NAG Fortran Compiler":
